08/14 08:26:17 AM | args = Namespace(arch='resnet_20', job_dir='./log/', batch_size=32, epochs=2, lr=0.001, resume=False, gpu='0', dataset='CIFAR10', workers=0, bit=8)
08/14 08:26:18 AM | ==> Building model..
08/14 08:26:18 AM | === Bit width===:8
08/14 08:26:18 AM | ResNet(
  (conv1): Conv2d(3, 64, kernel_size=(3, 3), stride=(1, 1), padding=(1, 1), bias=False)
  (bn1): tdBatchNorm(
    (bn): BatchNorm2d(64, eps=1e-05, momentum=0.1, affine=True, track_running_stats=True)
    (seqbn): SeqToANNContainer(
      (module): BatchNorm2d(64, eps=1e-05, momentum=0.1, affine=True, track_running_stats=True)
    )
  )
  (conv1_s): tdLayer(
    (layer): SeqToANNContainer(
      (module): Conv2d(3, 64, kernel_size=(3, 3), stride=(1, 1), padding=(1, 1), bias=False)
    )
    (bn): tdBatchNorm(
      (bn): BatchNorm2d(64, eps=1e-05, momentum=0.1, affine=True, track_running_stats=True)
      (seqbn): SeqToANNContainer(
        (module): BatchNorm2d(64, eps=1e-05, momentum=0.1, affine=True, track_running_stats=True)
      )
    )
  )
  (relu): LIFSpike()
  (layers): ModuleList()
  (layer1): Sequential(
    (0): BasicBlock(
      (conv1): ReScaWConv()
      (bn1): tdBatchNorm(
        (bn): BatchNorm2d(128, eps=1e-05, momentum=0.1, affine=True, track_running_stats=True)
        (seqbn): SeqToANNContainer(
          (module): BatchNorm2d(128, eps=1e-05, momentum=0.1, affine=True, track_running_stats=True)
        )
      )
      (conv1_s): tdLayer(
        (layer): SeqToANNContainer(
          (module): ReScaWConv()
        )
        (bn): tdBatchNorm(
          (bn): BatchNorm2d(128, eps=1e-05, momentum=0.1, affine=True, track_running_stats=True)
          (seqbn): SeqToANNContainer(
            (module): BatchNorm2d(128, eps=1e-05, momentum=0.1, affine=True, track_running_stats=True)
          )
        )
      )
      (relu1): LIFSpike()
      (conv2): ReScaWConv()
      (bn2): tdBatchNorm(
        (bn): BatchNorm2d(128, eps=1e-05, momentum=0.1, affine=True, track_running_stats=True)
        (seqbn): SeqToANNContainer(
          (module): BatchNorm2d(128, eps=1e-05, momentum=0.1, affine=True, track_running_stats=True)
        )
      )
      (conv2_s): tdLayer(
        (layer): SeqToANNContainer(
          (module): ReScaWConv()
        )
        (bn): tdBatchNorm(
          (bn): BatchNorm2d(128, eps=1e-05, momentum=0.1, affine=True, track_running_stats=True)
          (seqbn): SeqToANNContainer(
            (module): BatchNorm2d(128, eps=1e-05, momentum=0.1, affine=True, track_running_stats=True)
          )
        )
      )
      (relu2): LIFSpike()
      (shortcut): LambdaLayer(
        (lambd): SeqToANNContainer()
      )
    )
    (1): BasicBlock(
      (conv1): ReScaWConv()
      (bn1): tdBatchNorm(
        (bn): BatchNorm2d(128, eps=1e-05, momentum=0.1, affine=True, track_running_stats=True)
        (seqbn): SeqToANNContainer(
          (module): BatchNorm2d(128, eps=1e-05, momentum=0.1, affine=True, track_running_stats=True)
        )
      )
      (conv1_s): tdLayer(
        (layer): SeqToANNContainer(
          (module): ReScaWConv()
        )
        (bn): tdBatchNorm(
          (bn): BatchNorm2d(128, eps=1e-05, momentum=0.1, affine=True, track_running_stats=True)
          (seqbn): SeqToANNContainer(
            (module): BatchNorm2d(128, eps=1e-05, momentum=0.1, affine=True, track_running_stats=True)
          )
        )
      )
      (relu1): LIFSpike()
      (conv2): ReScaWConv()
      (bn2): tdBatchNorm(
        (bn): BatchNorm2d(128, eps=1e-05, momentum=0.1, affine=True, track_running_stats=True)
        (seqbn): SeqToANNContainer(
          (module): BatchNorm2d(128, eps=1e-05, momentum=0.1, affine=True, track_running_stats=True)
        )
      )
      (conv2_s): tdLayer(
        (layer): SeqToANNContainer(
          (module): ReScaWConv()
        )
        (bn): tdBatchNorm(
          (bn): BatchNorm2d(128, eps=1e-05, momentum=0.1, affine=True, track_running_stats=True)
          (seqbn): SeqToANNContainer(
            (module): BatchNorm2d(128, eps=1e-05, momentum=0.1, affine=True, track_running_stats=True)
          )
        )
      )
      (relu2): LIFSpike()
      (shortcut): Sequential()
    )
    (2): BasicBlock(
      (conv1): ReScaWConv()
      (bn1): tdBatchNorm(
        (bn): BatchNorm2d(128, eps=1e-05, momentum=0.1, affine=True, track_running_stats=True)
        (seqbn): SeqToANNContainer(
          (module): BatchNorm2d(128, eps=1e-05, momentum=0.1, affine=True, track_running_stats=True)
        )
      )
      (conv1_s): tdLayer(
        (layer): SeqToANNContainer(
          (module): ReScaWConv()
        )
        (bn): tdBatchNorm(
          (bn): BatchNorm2d(128, eps=1e-05, momentum=0.1, affine=True, track_running_stats=True)
          (seqbn): SeqToANNContainer(
            (module): BatchNorm2d(128, eps=1e-05, momentum=0.1, affine=True, track_running_stats=True)
          )
        )
      )
      (relu1): LIFSpike()
      (conv2): ReScaWConv()
      (bn2): tdBatchNorm(
        (bn): BatchNorm2d(128, eps=1e-05, momentum=0.1, affine=True, track_running_stats=True)
        (seqbn): SeqToANNContainer(
          (module): BatchNorm2d(128, eps=1e-05, momentum=0.1, affine=True, track_running_stats=True)
        )
      )
      (conv2_s): tdLayer(
        (layer): SeqToANNContainer(
          (module): ReScaWConv()
        )
        (bn): tdBatchNorm(
          (bn): BatchNorm2d(128, eps=1e-05, momentum=0.1, affine=True, track_running_stats=True)
          (seqbn): SeqToANNContainer(
            (module): BatchNorm2d(128, eps=1e-05, momentum=0.1, affine=True, track_running_stats=True)
          )
        )
      )
      (relu2): LIFSpike()
      (shortcut): Sequential()
    )
  )
  (layer2): Sequential(
    (0): BasicBlock(
      (conv1): ReScaWConv()
      (bn1): tdBatchNorm(
        (bn): BatchNorm2d(256, eps=1e-05, momentum=0.1, affine=True, track_running_stats=True)
        (seqbn): SeqToANNContainer(
          (module): BatchNorm2d(256, eps=1e-05, momentum=0.1, affine=True, track_running_stats=True)
        )
      )
      (conv1_s): tdLayer(
        (layer): SeqToANNContainer(
          (module): ReScaWConv()
        )
        (bn): tdBatchNorm(
          (bn): BatchNorm2d(256, eps=1e-05, momentum=0.1, affine=True, track_running_stats=True)
          (seqbn): SeqToANNContainer(
            (module): BatchNorm2d(256, eps=1e-05, momentum=0.1, affine=True, track_running_stats=True)
          )
        )
      )
      (relu1): LIFSpike()
      (conv2): ReScaWConv()
      (bn2): tdBatchNorm(
        (bn): BatchNorm2d(256, eps=1e-05, momentum=0.1, affine=True, track_running_stats=True)
        (seqbn): SeqToANNContainer(
          (module): BatchNorm2d(256, eps=1e-05, momentum=0.1, affine=True, track_running_stats=True)
        )
      )
      (conv2_s): tdLayer(
        (layer): SeqToANNContainer(
          (module): ReScaWConv()
        )
        (bn): tdBatchNorm(
          (bn): BatchNorm2d(256, eps=1e-05, momentum=0.1, affine=True, track_running_stats=True)
          (seqbn): SeqToANNContainer(
            (module): BatchNorm2d(256, eps=1e-05, momentum=0.1, affine=True, track_running_stats=True)
          )
        )
      )
      (relu2): LIFSpike()
      (shortcut): LambdaLayer(
        (lambd): SeqToANNContainer()
      )
    )
    (1): BasicBlock(
      (conv1): ReScaWConv()
      (bn1): tdBatchNorm(
        (bn): BatchNorm2d(256, eps=1e-05, momentum=0.1, affine=True, track_running_stats=True)
        (seqbn): SeqToANNContainer(
          (module): BatchNorm2d(256, eps=1e-05, momentum=0.1, affine=True, track_running_stats=True)
        )
      )
      (conv1_s): tdLayer(
        (layer): SeqToANNContainer(
          (module): ReScaWConv()
        )
        (bn): tdBatchNorm(
          (bn): BatchNorm2d(256, eps=1e-05, momentum=0.1, affine=True, track_running_stats=True)
          (seqbn): SeqToANNContainer(
            (module): BatchNorm2d(256, eps=1e-05, momentum=0.1, affine=True, track_running_stats=True)
          )
        )
      )
      (relu1): LIFSpike()
      (conv2): ReScaWConv()
      (bn2): tdBatchNorm(
        (bn): BatchNorm2d(256, eps=1e-05, momentum=0.1, affine=True, track_running_stats=True)
        (seqbn): SeqToANNContainer(
          (module): BatchNorm2d(256, eps=1e-05, momentum=0.1, affine=True, track_running_stats=True)
        )
      )
      (conv2_s): tdLayer(
        (layer): SeqToANNContainer(
          (module): ReScaWConv()
        )
        (bn): tdBatchNorm(
          (bn): BatchNorm2d(256, eps=1e-05, momentum=0.1, affine=True, track_running_stats=True)
          (seqbn): SeqToANNContainer(
            (module): BatchNorm2d(256, eps=1e-05, momentum=0.1, affine=True, track_running_stats=True)
          )
        )
      )
      (relu2): LIFSpike()
      (shortcut): Sequential()
    )
    (2): BasicBlock(
      (conv1): ReScaWConv()
      (bn1): tdBatchNorm(
        (bn): BatchNorm2d(256, eps=1e-05, momentum=0.1, affine=True, track_running_stats=True)
        (seqbn): SeqToANNContainer(
          (module): BatchNorm2d(256, eps=1e-05, momentum=0.1, affine=True, track_running_stats=True)
        )
      )
      (conv1_s): tdLayer(
        (layer): SeqToANNContainer(
          (module): ReScaWConv()
        )
        (bn): tdBatchNorm(
          (bn): BatchNorm2d(256, eps=1e-05, momentum=0.1, affine=True, track_running_stats=True)
          (seqbn): SeqToANNContainer(
            (module): BatchNorm2d(256, eps=1e-05, momentum=0.1, affine=True, track_running_stats=True)
          )
        )
      )
      (relu1): LIFSpike()
      (conv2): ReScaWConv()
      (bn2): tdBatchNorm(
        (bn): BatchNorm2d(256, eps=1e-05, momentum=0.1, affine=True, track_running_stats=True)
        (seqbn): SeqToANNContainer(
          (module): BatchNorm2d(256, eps=1e-05, momentum=0.1, affine=True, track_running_stats=True)
        )
      )
      (conv2_s): tdLayer(
        (layer): SeqToANNContainer(
          (module): ReScaWConv()
        )
        (bn): tdBatchNorm(
          (bn): BatchNorm2d(256, eps=1e-05, momentum=0.1, affine=True, track_running_stats=True)
          (seqbn): SeqToANNContainer(
            (module): BatchNorm2d(256, eps=1e-05, momentum=0.1, affine=True, track_running_stats=True)
          )
        )
      )
      (relu2): LIFSpike()
      (shortcut): Sequential()
    )
  )
  (layer3): Sequential(
    (0): BasicBlock(
      (conv1): ReScaWConv()
      (bn1): tdBatchNorm(
        (bn): BatchNorm2d(512, eps=1e-05, momentum=0.1, affine=True, track_running_stats=True)
        (seqbn): SeqToANNContainer(
          (module): BatchNorm2d(512, eps=1e-05, momentum=0.1, affine=True, track_running_stats=True)
        )
      )
      (conv1_s): tdLayer(
        (layer): SeqToANNContainer(
          (module): ReScaWConv()
        )
        (bn): tdBatchNorm(
          (bn): BatchNorm2d(512, eps=1e-05, momentum=0.1, affine=True, track_running_stats=True)
          (seqbn): SeqToANNContainer(
            (module): BatchNorm2d(512, eps=1e-05, momentum=0.1, affine=True, track_running_stats=True)
          )
        )
      )
      (relu1): LIFSpike()
      (conv2): ReScaWConv()
      (bn2): tdBatchNorm(
        (bn): BatchNorm2d(512, eps=1e-05, momentum=0.1, affine=True, track_running_stats=True)
        (seqbn): SeqToANNContainer(
          (module): BatchNorm2d(512, eps=1e-05, momentum=0.1, affine=True, track_running_stats=True)
        )
      )
      (conv2_s): tdLayer(
        (layer): SeqToANNContainer(
          (module): ReScaWConv()
        )
        (bn): tdBatchNorm(
          (bn): BatchNorm2d(512, eps=1e-05, momentum=0.1, affine=True, track_running_stats=True)
          (seqbn): SeqToANNContainer(
            (module): BatchNorm2d(512, eps=1e-05, momentum=0.1, affine=True, track_running_stats=True)
          )
        )
      )
      (relu2): LIFSpike()
      (shortcut): LambdaLayer(
        (lambd): SeqToANNContainer()
      )
    )
    (1): BasicBlock(
      (conv1): ReScaWConv()
      (bn1): tdBatchNorm(
        (bn): BatchNorm2d(512, eps=1e-05, momentum=0.1, affine=True, track_running_stats=True)
        (seqbn): SeqToANNContainer(
          (module): BatchNorm2d(512, eps=1e-05, momentum=0.1, affine=True, track_running_stats=True)
        )
      )
      (conv1_s): tdLayer(
        (layer): SeqToANNContainer(
          (module): ReScaWConv()
        )
        (bn): tdBatchNorm(
          (bn): BatchNorm2d(512, eps=1e-05, momentum=0.1, affine=True, track_running_stats=True)
          (seqbn): SeqToANNContainer(
            (module): BatchNorm2d(512, eps=1e-05, momentum=0.1, affine=True, track_running_stats=True)
          )
        )
      )
      (relu1): LIFSpike()
      (conv2): ReScaWConv()
      (bn2): tdBatchNorm(
        (bn): BatchNorm2d(512, eps=1e-05, momentum=0.1, affine=True, track_running_stats=True)
        (seqbn): SeqToANNContainer(
          (module): BatchNorm2d(512, eps=1e-05, momentum=0.1, affine=True, track_running_stats=True)
        )
      )
      (conv2_s): tdLayer(
        (layer): SeqToANNContainer(
          (module): ReScaWConv()
        )
        (bn): tdBatchNorm(
          (bn): BatchNorm2d(512, eps=1e-05, momentum=0.1, affine=True, track_running_stats=True)
          (seqbn): SeqToANNContainer(
            (module): BatchNorm2d(512, eps=1e-05, momentum=0.1, affine=True, track_running_stats=True)
          )
        )
      )
      (relu2): LIFSpike()
      (shortcut): Sequential()
    )
    (2): BasicBlock(
      (conv1): ReScaWConv()
      (bn1): tdBatchNorm(
        (bn): BatchNorm2d(512, eps=1e-05, momentum=0.1, affine=True, track_running_stats=True)
        (seqbn): SeqToANNContainer(
          (module): BatchNorm2d(512, eps=1e-05, momentum=0.1, affine=True, track_running_stats=True)
        )
      )
      (conv1_s): tdLayer(
        (layer): SeqToANNContainer(
          (module): ReScaWConv()
        )
        (bn): tdBatchNorm(
          (bn): BatchNorm2d(512, eps=1e-05, momentum=0.1, affine=True, track_running_stats=True)
          (seqbn): SeqToANNContainer(
            (module): BatchNorm2d(512, eps=1e-05, momentum=0.1, affine=True, track_running_stats=True)
          )
        )
      )
      (relu1): LIFSpike()
      (conv2): ReScaWConv()
      (bn2): tdBatchNorm(
        (bn): BatchNorm2d(512, eps=1e-05, momentum=0.1, affine=True, track_running_stats=True)
        (seqbn): SeqToANNContainer(
          (module): BatchNorm2d(512, eps=1e-05, momentum=0.1, affine=True, track_running_stats=True)
        )
      )
      (conv2_s): tdLayer(
        (layer): SeqToANNContainer(
          (module): ReScaWConv()
        )
        (bn): tdBatchNorm(
          (bn): BatchNorm2d(512, eps=1e-05, momentum=0.1, affine=True, track_running_stats=True)
          (seqbn): SeqToANNContainer(
            (module): BatchNorm2d(512, eps=1e-05, momentum=0.1, affine=True, track_running_stats=True)
          )
        )
      )
      (relu2): LIFSpike()
      (shortcut): Sequential()
    )
  )
  (avgpool): SeqToANNContainer(
    (module): AdaptiveAvgPool2d(output_size=(1, 1))
  )
  (fc): SeqToANNContainer(
    (module): Linear(in_features=512, out_features=10, bias=True)
  )
)
08/14 08:26:18 AM | training from scratch
08/14 08:26:18 AM | learning_rate: 0.001
08/14 08:26:20 AM | Epoch[0](0/1563): Loss 2.3264 Prec@1(1) 12.50
08/14 08:27:34 AM | Epoch[0](400/1563): Loss 2.1732 Prec@1(1) 17.58
08/14 08:28:51 AM | Epoch[0](800/1563): Loss 2.1147 Prec@1(1) 19.81
08/14 08:30:08 AM | Epoch[0](1200/1563): Loss 2.0809 Prec@1(1) 21.22
08/14 08:31:37 AM |  * Acc@1 32.360
08/14 08:31:37 AM | =>Best accuracy 32.360
08/14 08:31:37 AM | learning_rate: 0.0005
08/14 08:31:37 AM | Epoch[1](0/1563): Loss 1.9813 Prec@1(1) 31.25
08/14 08:32:55 AM | Epoch[1](400/1563): Loss 1.8839 Prec@1(1) 29.68
08/14 08:34:11 AM | Epoch[1](800/1563): Loss 1.8699 Prec@1(1) 30.70
08/14 08:35:28 AM | Epoch[1](1200/1563): Loss 1.8478 Prec@1(1) 31.55
08/14 08:36:56 AM |  * Acc@1 45.610
08/14 08:36:57 AM | =>Best accuracy 45.610
