08/13 06:53:09 AM | args = Namespace(arch='vgg_16_bn', job_dir='./log_pass/', batch_size=256, epochs=1, lr=0.001, resume=False, gpu='0', dataset='CIFAR10', workers=8, bit=8)
08/13 06:53:12 AM | ==> Building model..
08/13 06:53:12 AM | === Bit width===:8
08/13 06:53:12 AM | ==> Creating model via pass-based quantization..
08/13 06:53:13 AM | ==> Pass-based quantization completed
08/13 06:53:13 AM | VGG(
  (features): Sequential(
    (convbn0): tdLayer(
      (layer): SeqToANNContainer(
        (module): Conv2d(3, 64, kernel_size=(3, 3), stride=(1, 1), padding=(1, 1))
      )
      (bn): tdBatchNorm(
        (bn): BatchNorm2d(64, eps=1e-05, momentum=0.1, affine=True, track_running_stats=True)
        (seqbn): SeqToANNContainer(
          (module): BatchNorm2d(64, eps=1e-05, momentum=0.1, affine=True, track_running_stats=True)
        )
      )
    )
    (relu0): LIFSpike()
    (convbn1): tdLayer(
      (layer): SeqToANNContainer(
        (module): Conv2dReScaW(
          64, 64, kernel_size=(3, 3), stride=(1, 1), padding=(1, 1)
          (weight_quan): ReScaW()
        )
      )
      (bn): tdBatchNorm(
        (bn): BatchNorm2d(64, eps=1e-05, momentum=0.1, affine=True, track_running_stats=True)
        (seqbn): SeqToANNContainer(
          (module): BatchNorm2d(64, eps=1e-05, momentum=0.1, affine=True, track_running_stats=True)
        )
      )
    )
    (relu1): LIFSpike()
    (pool2): SeqToANNContainer(
      (module): MaxPool2d(kernel_size=2, stride=2, padding=0, dilation=1, ceil_mode=False)
    )
    (convbn3): tdLayer(
      (layer): SeqToANNContainer(
        (module): Conv2dReScaW(
          64, 128, kernel_size=(3, 3), stride=(1, 1), padding=(1, 1)
          (weight_quan): ReScaW()
        )
      )
      (bn): tdBatchNorm(
        (bn): BatchNorm2d(128, eps=1e-05, momentum=0.1, affine=True, track_running_stats=True)
        (seqbn): SeqToANNContainer(
          (module): BatchNorm2d(128, eps=1e-05, momentum=0.1, affine=True, track_running_stats=True)
        )
      )
    )
    (relu3): LIFSpike()
    (convbn4): tdLayer(
      (layer): SeqToANNContainer(
        (module): Conv2dReScaW(
          128, 128, kernel_size=(3, 3), stride=(1, 1), padding=(1, 1)
          (weight_quan): ReScaW()
        )
      )
      (bn): tdBatchNorm(
        (bn): BatchNorm2d(128, eps=1e-05, momentum=0.1, affine=True, track_running_stats=True)
        (seqbn): SeqToANNContainer(
          (module): BatchNorm2d(128, eps=1e-05, momentum=0.1, affine=True, track_running_stats=True)
        )
      )
    )
    (relu4): LIFSpike()
    (pool5): SeqToANNContainer(
      (module): MaxPool2d(kernel_size=2, stride=2, padding=0, dilation=1, ceil_mode=False)
    )
    (convbn6): tdLayer(
      (layer): SeqToANNContainer(
        (module): Conv2dReScaW(
          128, 256, kernel_size=(3, 3), stride=(1, 1), padding=(1, 1)
          (weight_quan): ReScaW()
        )
      )
      (bn): tdBatchNorm(
        (bn): BatchNorm2d(256, eps=1e-05, momentum=0.1, affine=True, track_running_stats=True)
        (seqbn): SeqToANNContainer(
          (module): BatchNorm2d(256, eps=1e-05, momentum=0.1, affine=True, track_running_stats=True)
        )
      )
    )
    (relu6): LIFSpike()
    (convbn7): tdLayer(
      (layer): SeqToANNContainer(
        (module): Conv2dReScaW(
          256, 256, kernel_size=(3, 3), stride=(1, 1), padding=(1, 1)
          (weight_quan): ReScaW()
        )
      )
      (bn): tdBatchNorm(
        (bn): BatchNorm2d(256, eps=1e-05, momentum=0.1, affine=True, track_running_stats=True)
        (seqbn): SeqToANNContainer(
          (module): BatchNorm2d(256, eps=1e-05, momentum=0.1, affine=True, track_running_stats=True)
        )
      )
    )
    (relu7): LIFSpike()
    (convbn8): tdLayer(
      (layer): SeqToANNContainer(
        (module): Conv2dReScaW(
          256, 256, kernel_size=(3, 3), stride=(1, 1), padding=(1, 1)
          (weight_quan): ReScaW()
        )
      )
      (bn): tdBatchNorm(
        (bn): BatchNorm2d(256, eps=1e-05, momentum=0.1, affine=True, track_running_stats=True)
        (seqbn): SeqToANNContainer(
          (module): BatchNorm2d(256, eps=1e-05, momentum=0.1, affine=True, track_running_stats=True)
        )
      )
    )
    (relu8): LIFSpike()
    (pool9): SeqToANNContainer(
      (module): MaxPool2d(kernel_size=2, stride=2, padding=0, dilation=1, ceil_mode=False)
    )
    (convbn10): tdLayer(
      (layer): SeqToANNContainer(
        (module): Conv2dReScaW(
          256, 512, kernel_size=(3, 3), stride=(1, 1), padding=(1, 1)
          (weight_quan): ReScaW()
        )
      )
      (bn): tdBatchNorm(
        (bn): BatchNorm2d(512, eps=1e-05, momentum=0.1, affine=True, track_running_stats=True)
        (seqbn): SeqToANNContainer(
          (module): BatchNorm2d(512, eps=1e-05, momentum=0.1, affine=True, track_running_stats=True)
        )
      )
    )
    (relu10): LIFSpike()
    (convbn11): tdLayer(
      (layer): SeqToANNContainer(
        (module): Conv2dReScaW(
          512, 512, kernel_size=(3, 3), stride=(1, 1), padding=(1, 1)
          (weight_quan): ReScaW()
        )
      )
      (bn): tdBatchNorm(
        (bn): BatchNorm2d(512, eps=1e-05, momentum=0.1, affine=True, track_running_stats=True)
        (seqbn): SeqToANNContainer(
          (module): BatchNorm2d(512, eps=1e-05, momentum=0.1, affine=True, track_running_stats=True)
        )
      )
    )
    (relu11): LIFSpike()
    (convbn12): tdLayer(
      (layer): SeqToANNContainer(
        (module): Conv2dReScaW(
          512, 512, kernel_size=(3, 3), stride=(1, 1), padding=(1, 1)
          (weight_quan): ReScaW()
        )
      )
      (bn): tdBatchNorm(
        (bn): BatchNorm2d(512, eps=1e-05, momentum=0.1, affine=True, track_running_stats=True)
        (seqbn): SeqToANNContainer(
          (module): BatchNorm2d(512, eps=1e-05, momentum=0.1, affine=True, track_running_stats=True)
        )
      )
    )
    (relu12): LIFSpike()
    (pool13): SeqToANNContainer(
      (module): MaxPool2d(kernel_size=2, stride=2, padding=0, dilation=1, ceil_mode=False)
    )
    (convbn14): tdLayer(
      (layer): SeqToANNContainer(
        (module): Conv2dReScaW(
          512, 512, kernel_size=(3, 3), stride=(1, 1), padding=(1, 1)
          (weight_quan): ReScaW()
        )
      )
      (bn): tdBatchNorm(
        (bn): BatchNorm2d(512, eps=1e-05, momentum=0.1, affine=True, track_running_stats=True)
        (seqbn): SeqToANNContainer(
          (module): BatchNorm2d(512, eps=1e-05, momentum=0.1, affine=True, track_running_stats=True)
        )
      )
    )
    (relu14): LIFSpike()
    (convbn15): tdLayer(
      (layer): SeqToANNContainer(
        (module): Conv2dReScaW(
          512, 512, kernel_size=(3, 3), stride=(1, 1), padding=(1, 1)
          (weight_quan): ReScaW()
        )
      )
      (bn): tdBatchNorm(
        (bn): BatchNorm2d(512, eps=1e-05, momentum=0.1, affine=True, track_running_stats=True)
        (seqbn): SeqToANNContainer(
          (module): BatchNorm2d(512, eps=1e-05, momentum=0.1, affine=True, track_running_stats=True)
        )
      )
    )
    (relu15): LIFSpike()
    (convbn16): tdLayer(
      (layer): SeqToANNContainer(
        (module): Conv2dReScaW(
          512, 512, kernel_size=(3, 3), stride=(1, 1), padding=(1, 1)
          (weight_quan): ReScaW()
        )
      )
      (bn): tdBatchNorm(
        (bn): BatchNorm2d(512, eps=1e-05, momentum=0.1, affine=True, track_running_stats=True)
        (seqbn): SeqToANNContainer(
          (module): BatchNorm2d(512, eps=1e-05, momentum=0.1, affine=True, track_running_stats=True)
        )
      )
    )
    (relu16): LIFSpike()
  )
  (avgpool): SeqToANNContainer(
    (module): AvgPool2d(kernel_size=2, stride=2, padding=0)
  )
  (classifier): Sequential(
    (linear1): SeqToANNContainer(
      (module): Linear(in_features=512, out_features=10, bias=True)
    )
  )
)
08/13 06:53:13 AM | training from scratch
08/13 06:53:13 AM | learning_rate: 0.001
08/13 06:53:15 AM | Epoch[0](0/196): Loss 2.3044 Prec@1(1) 10.55
08/13 06:53:20 AM | Epoch[0](50/196): Loss 2.1865 Prec@1(1) 16.08
08/13 06:53:25 AM | Epoch[0](100/196): Loss 2.0938 Prec@1(1) 19.66
08/13 06:53:31 AM | Epoch[0](150/196): Loss 2.0379 Prec@1(1) 21.83
08/13 06:53:37 AM |  * Acc@1 34.950
08/13 06:53:40 AM | =>Best accuracy 34.950
